<?xml version="1.0" encoding="UTF-8"?>
<!-- Generated by org.testng.reporters.JUnitXMLReporter -->
<testsuite ignored="0" hostname="LAPTOP-9NM2HTVU" failures="0" tests="3" name="SignUP_flow" time="14.235" errors="0" timestamp="2023-05-07T15:13:56 IST">
  <testcase classname="DemoBlaze.DemoBlaze.Sign_Up_flow" name="a_start" time="5.715"/>
  <testcase classname="DemoBlaze.DemoBlaze.Sign_Up_flow" name="b_registeration" time="5.325"/>
  <testcase classname="DemoBlaze.DemoBlaze.Sign_Up_flow" name="c_quit" time="3.086"/>
</testsuite> <!-- SignUP_flow -->
