<?xml version="1.0" encoding="UTF-8"?>
<!-- Generated by org.testng.reporters.JUnitXMLReporter -->
<testsuite ignored="0" hostname="LAPTOP-9NM2HTVU" failures="0" tests="3" name="Default test" time="13.175" errors="0" timestamp="2023-05-07T14:58:47 IST">
  <testcase classname="DemoBlaze.DemoBlaze.Sign_Up_flow" name="a_start" time="4.774"/>
  <testcase classname="DemoBlaze.DemoBlaze.Sign_Up_flow" name="b_registeration" time="5.351"/>
  <testcase classname="DemoBlaze.DemoBlaze.Sign_Up_flow" name="c_quit" time="2.977"/>
</testsuite> <!-- Default test -->
