<?xml version="1.0" encoding="UTF-8"?>
<!-- Generated by org.testng.reporters.JUnitXMLReporter -->
<testsuite ignored="0" hostname="LAPTOP-9NM2HTVU" failures="0" tests="3" name="Test" time="14.35" errors="0" timestamp="2023-05-07T15:11:03 IST">
  <testcase classname="DemoBlaze.DemoBlaze.Sign_Up_flow" name="a_start" time="6.008"/>
  <testcase classname="DemoBlaze.DemoBlaze.Sign_Up_flow" name="b_registeration" time="5.45"/>
  <testcase classname="DemoBlaze.DemoBlaze.Sign_Up_flow" name="c_quit" time="2.826"/>
</testsuite> <!-- Test -->
