<?xml version="1.0" encoding="UTF-8"?>
<testng-results ignored="0" total="3" passed="3" failed="0" skipped="0">
  <reporter-output>
  </reporter-output>
  <suite started-at="2023-05-07T17:39:44 IST" name="DemoBlaze" finished-at="2023-05-07T17:40:04 IST" duration-ms="20072">
    <groups>
    </groups>
    <test started-at="2023-05-07T17:39:44 IST" name="Add_Product2Cart" finished-at="2023-05-07T17:40:04 IST" duration-ms="20072">
      <class name="DemoBlaze.DemoBlaze.AddCart2Product">
        <test-method signature="a_start()[pri:0, instance:DemoBlaze.DemoBlaze.AddCart2Product@3e6ef8ad]" started-at="2023-05-07T17:39:44 IST" name="a_start" finished-at="2023-05-07T17:39:50 IST" duration-ms="5616" status="PASS">
          <reporter-output>
          </reporter-output>
        </test-method> <!-- a_start -->
        <test-method signature="b_cart()[pri:0, instance:DemoBlaze.DemoBlaze.AddCart2Product@3e6ef8ad]" started-at="2023-05-07T17:39:50 IST" name="b_cart" finished-at="2023-05-07T17:39:58 IST" duration-ms="8278" status="PASS">
          <reporter-output>
          </reporter-output>
        </test-method> <!-- b_cart -->
        <test-method signature="d_quit()[pri:0, instance:DemoBlaze.DemoBlaze.AddCart2Product@3e6ef8ad]" started-at="2023-05-07T17:39:58 IST" name="d_quit" finished-at="2023-05-07T17:40:04 IST" duration-ms="6102" status="PASS">
          <reporter-output>
          </reporter-output>
        </test-method> <!-- d_quit -->
      </class> <!-- DemoBlaze.DemoBlaze.AddCart2Product -->
    </test> <!-- Add_Product2Cart -->
  </suite> <!-- DemoBlaze -->
</testng-results>
