<?xml version="1.0" encoding="UTF-8"?>
<!-- Generated by org.testng.reporters.JUnitXMLReporter -->
<testsuite ignored="0" hostname="LAPTOP-9NM2HTVU" failures="0" tests="3" name="Add_Product2Cart" time="20.072" errors="0" timestamp="2023-05-07T17:40:04 IST">
  <testcase classname="DemoBlaze.DemoBlaze.AddCart2Product" name="a_start" time="5.616"/>
  <testcase classname="DemoBlaze.DemoBlaze.AddCart2Product" name="b_cart" time="8.278"/>
  <testcase classname="DemoBlaze.DemoBlaze.AddCart2Product" name="d_quit" time="6.102"/>
</testsuite> <!-- Add_Product2Cart -->
